<?xml version="1.0" encoding="UTF-8"?>
<testsuite name="job_portal.JobPortalApplicationTests" tests="1" skipped="0" failures="0" errors="0" timestamp="2025-11-16T11:56:33.048Z" hostname="Bun-Panin.local" time="0.416">
  <properties/>
  <testcase name="contextLoads()" classname="job_portal.JobPortalApplicationTests" time="0.416"/>
  <system-out><![CDATA[18:56:25.730 [Test worker] INFO org.springframework.test.context.support.AnnotationConfigContextLoaderUtils -- Could not detect default configuration classes for test class [job_portal.JobPortalApplicationTests]: JobPortalApplicationTests does not declare any static, non-private, non-final, nested classes annotated with @Configuration.
18:56:25.828 [Test worker] INFO org.springframework.boot.test.context.SpringBootTestContextBootstrapper -- Found @SpringBootConfiguration job_portal.JobPortalApplication for test class job_portal.JobPortalApplicationTests

  .   ____          _            __ _ _
 /\\ / ___'_ __ _ _(_)_ __  __ _ \ \ \ \
( ( )\___ | '_ | '_| | '_ \/ _` | \ \ \ \
 \\/  ___)| |_)| | | | | || (_| |  ) ) ) )
  '  |____| .__|_| |_|_| |_\__, | / / / /
 =========|_|==============|___/=/_/_/_/

 :: Spring Boot ::                (v3.5.7)

2025-11-16T18:56:26.279+07:00  INFO 8093 --- [job-portal] [    Test worker] job_portal.JobPortalApplicationTests     : Starting JobPortalApplicationTests using Java 21.0.8 with PID 8093 (started by citu in /Users/citu/Documents/ITO_Panin/spring/job-portal)
2025-11-16T18:56:26.281+07:00  INFO 8093 --- [job-portal] [    Test worker] job_portal.JobPortalApplicationTests     : No active profile set, falling back to 1 default profile: "default"
2025-11-16T18:56:27.098+07:00  INFO 8093 --- [job-portal] [    Test worker] .s.d.r.c.RepositoryConfigurationDelegate : Bootstrapping Spring Data JPA repositories in DEFAULT mode.
2025-11-16T18:56:27.162+07:00  INFO 8093 --- [job-portal] [    Test worker] .s.d.r.c.RepositoryConfigurationDelegate : Finished Spring Data repository scanning in 55 ms. Found 3 JPA repository interfaces.
2025-11-16T18:56:27.858+07:00  INFO 8093 --- [job-portal] [    Test worker] o.hibernate.jpa.internal.util.LogHelper  : HHH000204: Processing PersistenceUnitInfo [name: default]
2025-11-16T18:56:27.897+07:00  INFO 8093 --- [job-portal] [    Test worker] org.hibernate.Version                    : HHH000412: Hibernate ORM core version 6.6.33.Final
2025-11-16T18:56:27.924+07:00  INFO 8093 --- [job-portal] [    Test worker] o.h.c.internal.RegionFactoryInitiator    : HHH000026: Second-level cache disabled
2025-11-16T18:56:28.144+07:00  INFO 8093 --- [job-portal] [    Test worker] o.s.o.j.p.SpringPersistenceUnitInfo      : No LoadTimeWeaver setup: ignoring JPA class transformer
2025-11-16T18:56:28.168+07:00  INFO 8093 --- [job-portal] [    Test worker] com.zaxxer.hikari.HikariDataSource       : HikariPool-1 - Starting...
2025-11-16T18:56:28.348+07:00  INFO 8093 --- [job-portal] [    Test worker] com.zaxxer.hikari.pool.HikariPool        : HikariPool-1 - Added connection org.postgresql.jdbc.PgConnection@6adcf059
2025-11-16T18:56:28.349+07:00  INFO 8093 --- [job-portal] [    Test worker] com.zaxxer.hikari.HikariDataSource       : HikariPool-1 - Start completed.
2025-11-16T18:56:28.409+07:00  INFO 8093 --- [job-portal] [    Test worker] org.hibernate.orm.connections.pooling    : HHH10001005: Database info:
	Database JDBC URL [Connecting through datasource 'HikariDataSource (HikariPool-1)']
	Database driver: undefined/unknown
	Database version: 16.3
	Autocommit mode: undefined/unknown
	Isolation level: undefined/unknown
	Minimum pool size: undefined/unknown
	Maximum pool size: undefined/unknown
2025-11-16T18:56:29.361+07:00  INFO 8093 --- [job-portal] [    Test worker] o.h.e.t.j.p.i.JtaPlatformInitiator       : HHH000489: No JTA platform available (set 'hibernate.transaction.jta.platform' to enable JTA platform integration)
2025-11-16T18:56:29.529+07:00  INFO 8093 --- [job-portal] [    Test worker] j.LocalContainerEntityManagerFactoryBean : Initialized JPA EntityManagerFactory for persistence unit 'default'
2025-11-16T18:56:29.908+07:00  WARN 8093 --- [job-portal] [    Test worker] JpaBaseConfiguration$JpaWebConfiguration : spring.jpa.open-in-view is enabled by default. Therefore, database queries may be performed during view rendering. Explicitly configure spring.jpa.open-in-view to disable this warning
2025-11-16T18:56:29.946+07:00  INFO 8093 --- [job-portal] [    Test worker] r$InitializeUserDetailsManagerConfigurer : Global AuthenticationManager configured with UserDetailsService bean with name seekerDetailServiceImpl
2025-11-16T18:56:33.037+07:00  INFO 8093 --- [job-portal] [    Test worker] job_portal.JobPortalApplicationTests     : Started JobPortalApplicationTests in 7.067 seconds (process running for 8.838)
]]></system-out>
  <system-err><![CDATA[Mockito is currently self-attaching to enable the inline-mock-maker. This will no longer work in future releases of the JDK. Please add Mockito as an agent to your build as described in Mockito's documentation: https://javadoc.io/doc/org.mockito/mockito-core/latest/org.mockito/org/mockito/Mockito.html#0.3
WARNING: A Java agent has been loaded dynamically (/Users/citu/.gradle/caches/modules-2/files-2.1/net.bytebuddy/byte-buddy-agent/1.17.8/f09415827a71be7ed621c7bd02550678f28bc81c/byte-buddy-agent-1.17.8.jar)
WARNING: If a serviceability tool is in use, please run with -XX:+EnableDynamicAgentLoading to hide this warning
WARNING: If a serviceability tool is not in use, please run with -Djdk.instrument.traceUsage for more information
WARNING: Dynamic loading of agents will be disallowed by default in a future release
]]></system-err>
</testsuite>
